  0:00 ------------------------------------------------------------
  0:00 InitGame
  0:03 J;26ccbd72addf57a4;0;reaaL
  0:18 ShutdownGame:
  0:18 ------------------------------------------------------------
  0:18 ------------------------------------------------------------
  0:18 InitGame
  0:22 J;26ccbd72addf57a4;0;reaaL
  0:45 ShutdownGame:
  0:45 ------------------------------------------------------------
  0:45 ------------------------------------------------------------
  0:45 InitGame
  0:48 J;26ccbd72addf57a4;0;reaaL
  1:47 ShutdownGame:
  1:47 ------------------------------------------------------------
  1:47 ------------------------------------------------------------
  1:47 InitGame
  1:51 J;26ccbd72addf57a4;0;reaaL
  9:04 ShutdownGame:
  9:04 ------------------------------------------------------------
  9:04 ------------------------------------------------------------
  9:04 InitGame
  9:08 J;26ccbd72addf57a4;0;reaaL
 12:16 D;26ccbd72addf57a4;0;allies;reaaL;;-1;world;;none;7;MOD_FALLING;none
 12:49 D;26ccbd72addf57a4;0;allies;reaaL;;-1;world;;none;3;MOD_FALLING;none
 12:56 D;26ccbd72addf57a4;0;allies;reaaL;;-1;world;;none;19;MOD_FALLING;none
 13:19 ShutdownGame:
 13:19 ------------------------------------------------------------
 13:19 ------------------------------------------------------------
 13:19 InitGame
 13:23 J;26ccbd72addf57a4;0;reaaL
 17:33 ShutdownGame:
 17:33 ------------------------------------------------------------
 17:33 ------------------------------------------------------------
 17:33 InitGame
 17:37 J;26ccbd72addf57a4;0;reaaL
 18:54 ShutdownGame:
 18:54 ------------------------------------------------------------
 18:54 ------------------------------------------------------------
 18:54 InitGame
 18:57 J;26ccbd72addf57a4;0;reaaL
 20:26 ShutdownGame:
 20:26 ------------------------------------------------------------
 20:26 ------------------------------------------------------------
 20:26 InitGame
 20:30 J;26ccbd72addf57a4;0;reaaL
 21:45 ShutdownGame:
 21:45 ------------------------------------------------------------
 21:45 ------------------------------------------------------------
 21:45 InitGame
 21:49 J;26ccbd72addf57a4;0;reaaL
 23:55 D;26ccbd72addf57a4;0;allies;reaaL;;-1;world;;none;25;MOD_FALLING;none
 23:59 ShutdownGame:
 23:59 ------------------------------------------------------------
